[2026-02-10 12:22:57,586] INFO      [HARSHIT] Starting adapter
[2026-02-10 12:22:57,586] INFO      [HARSHIT] Adapter INIT | Zerodha adapter starting
[2026-02-10 12:22:57,587] INFO      [HARSHIT] LOGIN_START | Starting Zerodha login
[2026-02-10 12:23:01,777] INFO      [HARSHIT] LOGIN_SUCCESS | Access token received: 1JibF4TzEEzITSEedCu9dbAG917UhEc3
[2026-02-10 12:23:01,778] INFO      [HARSHIT] [INSTRUMENTS] CSV already exists
[2026-02-10 12:23:02,027] INFO      [HARSHIT] [INSTRUMENTS] Loaded 169364 rows
[2026-02-10 12:23:02,027] INFO      [HARSHIT] INSTRUMENTS_READY | Instruments loaded
[2026-02-10 12:23:02,027] INFO      [HARSHIT] Adapter READY | Zerodha adapter initialized
[2026-02-10 12:23:02,027] INFO      [HARSHIT] WS_START | Starting Zerodha WebSocket
[2026-02-10 12:23:02,119] INFO      [HARSHIT] Adapter connected successfully
[2026-02-10 12:23:02,301] INFO      [HARSHIT] [WS] Connected to Zerodha
[2026-02-10 12:23:14,145] INFO      [HARSHIT] COMMAND | action=PLACE_ORDER payload={'Account': '', 'ExchangeClientID': 'HARSHIT', 'ExchangeSegment': 'NSECM', 'ExchangeInstrumentID': 17376, 'SymbolName': 'EXCEL', 'ExchangeInstrumentName': 'EXCEL', 'ProductType': 'CNC', 'OrderType': 'MARKET', 'OrderSide': 'Buy', 'TimeInForce': 'GFD', 'DisclosedQuantity': 0, 'OrderQuantity': 1, 'LimitPrice': 0.0, 'StopPrice': 0.0, 'BlitzAppOrderID': 3156621269, 'AlgoID': '123456789', 'AlgoCategory': '123654789123', 'IsFictiveOrder': 'False'}
[2026-02-10 12:23:14,146] INFO      [HARSHIT] CACHE_TEMP | blitz_id=3156621269
[2026-02-10 12:23:14,148] INFO      [HARSHIT] ZERODHA_REST_OUT | payload={'tradingsymbol': 'EXCEL', 'exchange': 'NSE', 'transaction_type': 'BUY', 'order_type': 'MARKET', 'quantity': 1, 'product': 'CNC', 'price': 0.0, 'trigger_price': 0.0, 'validity': 'DAY', 'disclosed_quantity': 0}
[2026-02-10 12:23:14,315] INFO      [HARSHIT] ZERODHA_REST_IN | payload={'status': 'success', 'data': {'order_id': '260210151030511'}}
[2026-02-10 12:23:14,315] INFO      [HARSHIT] ORDER_PLACED | blitz=3156621269 zerodha=260210151030511
[2026-02-10 12:23:14,344] INFO      [HARSHIT] ZERODHA_WS_RESPONSE | payload={'account_id': 'RGZ539', 'unfilled_quantity': 0, 'checksum': '', 'placed_by': 'RGZ539', 'order_id': '260210151030511', 'exchange_order_id': '1100000046360524', 'parent_order_id': None, 'status': 'OPEN', 'status_message': None, 'status_message_raw': None, 'order_timestamp': '2026-02-10 12:23:14', 'exchange_update_timestamp': '2026-02-10 12:23:14', 'exchange_timestamp': '2026-02-10 12:23:14', 'variety': 'regular', 'exchange': 'NSE', 'tradingsymbol': 'EXCEL', 'instrument_token': 4448257, 'order_type': 'MARKET', 'transaction_type': 'BUY', 'validity': 'DAY', 'product': 'CNC', 'quantity': 1, 'disclosed_quantity': 0, 'price': 0, 'trigger_price': 0, 'average_price': 0, 'filled_quantity': 0, 'pending_quantity': 1, 'cancelled_quantity': 0, 'market_protection': 0, 'meta': {}, 'tag': None, 'guid': '205871XmyksAWOUxa1p'}
[2026-02-10 12:23:14,344] INFO      [HARSHIT] BLITZ_RESPONSE | order_id=260210151030511 payload={'SequenceNumber': 0, 'Account': '', 'ExchangeClientID': 'HARSHIT', 'BlitzAppOrderID': 3156621269, 'ExchangeOrderID': '260210151030511', 'ExchangeSegment': 'NSECM', 'ExchangeInstrumentID': 17376, 'OrderSide': 'Buy', 'OrderType': 'MARKET', 'ProductType': 'CNC', 'TimeInForce': 'GFD', 'OrderPrice': 0.0, 'OrderQuantity': 1, 'OrderStopPrice': 0.0, 'OrderStatus': 'New', 'OrderAverageTradedPrice': 0, 'LeavesQuantity': 1, 'CumulativeQuantity': 0, 'OrderDisclosedQuantity': 0, 'OrderGeneratedDateTime': None, 'ExchangeTransactTime': '2026-02-10 12:23:14', 'LastUpdateDateTime': '2026-02-10 12:23:14', 'CancelRejectReason': '', 'LastTradedPrice': 0, 'LastTradedQuantity': 0, 'LastExecutionTransactTime': '2026-02-10 12:23:14', 'ExecutionID': '1100000046360524'}
[2026-02-10 12:23:14,664] INFO      [HARSHIT] [WS] NEW order published | order_id=260210151030511
[2026-02-10 12:23:14,665] INFO      [HARSHIT] ZERODHA_WS_RESPONSE | payload={'account_id': 'RGZ539', 'unfilled_quantity': 0, 'checksum': '', 'placed_by': 'RGZ539', 'order_id': '260210151030511', 'exchange_order_id': '1100000046360524', 'parent_order_id': None, 'status': 'COMPLETE', 'status_message': None, 'status_message_raw': None, 'order_timestamp': '2026-02-10 12:23:14', 'exchange_update_timestamp': '2026-02-10 12:23:14', 'exchange_timestamp': '2026-02-10 12:23:14', 'variety': 'regular', 'exchange': 'NSE', 'tradingsymbol': 'EXCEL', 'instrument_token': 4448257, 'order_type': 'MARKET', 'transaction_type': 'BUY', 'validity': 'DAY', 'product': 'CNC', 'quantity': 1, 'disclosed_quantity': 0, 'price': 0, 'trigger_price': 0, 'average_price': 1.25, 'filled_quantity': 1, 'pending_quantity': 0, 'cancelled_quantity': 0, 'market_protection': 0, 'meta': {}, 'tag': None, 'guid': '205871XmyksAWOUxa1p'}
[2026-02-10 12:23:14,665] INFO      [HARSHIT] BLITZ_RESPONSE | order_id=260210151030511 payload={'SequenceNumber': 0, 'Account': '', 'ExchangeClientID': 'HARSHIT', 'BlitzAppOrderID': 3156621269, 'ExchangeOrderID': '260210151030511', 'ExchangeSegment': 'NSECM', 'ExchangeInstrumentID': 17376, 'OrderSide': 'Buy', 'OrderType': 'MARKET', 'ProductType': 'CNC', 'TimeInForce': 'GFD', 'OrderPrice': 0.0, 'OrderQuantity': 1, 'OrderStopPrice': 0.0, 'OrderStatus': 'Filled', 'OrderAverageTradedPrice': 1.25, 'LeavesQuantity': 0, 'CumulativeQuantity': 1, 'OrderDisclosedQuantity': 0, 'OrderGeneratedDateTime': None, 'ExchangeTransactTime': '2026-02-10 12:23:14', 'LastUpdateDateTime': '2026-02-10 12:23:14', 'CancelRejectReason': '', 'LastTradedPrice': 1.25, 'LastTradedQuantity': 1, 'LastExecutionTransactTime': '2026-02-10 12:23:14', 'ExecutionID': '1100000046360524'}
[2026-02-10 12:23:27,455] INFO      [HARSHIT] [WS] Stopping WebSocket connection
[2026-02-10 12:23:27,457] INFO      [HARSHIT] [WS] State cleared
[2026-02-10 12:23:27,457] INFO      [HARSHIT] Adapter STOP | Zerodha adapter stopped
[2026-02-10 12:23:42,572] INFO      [HARSHIT] Starting adapter
[2026-02-10 12:23:42,573] INFO      [HARSHIT] Adapter INIT | Zerodha adapter starting
[2026-02-10 12:23:42,575] INFO      [HARSHIT] LOGIN_START | Starting Zerodha login
[2026-02-10 12:23:46,866] INFO      [HARSHIT] LOGIN_SUCCESS | Access token received: 1JibF4TzEEzITSEedCu9dbAG917UhEc3
[2026-02-10 12:23:46,867] INFO      [HARSHIT] [INSTRUMENTS] CSV already exists
[2026-02-10 12:23:46,867] INFO      [HARSHIT] INSTRUMENTS_READY | Instruments loaded
[2026-02-10 12:23:46,868] INFO      [HARSHIT] Adapter READY | Zerodha adapter initialized
[2026-02-10 12:23:46,868] INFO      [HARSHIT] WS_START | Starting Zerodha WebSocket
[2026-02-10 12:23:46,943] INFO      [HARSHIT] Adapter connected successfully
[2026-02-10 12:24:01,967] INFO      [HARSHIT] COMMAND | action=PLACE_ORDER payload={'Account': '', 'ExchangeClientID': 'HARSHIT', 'ExchangeSegment': 'NSECM', 'ExchangeInstrumentID': 17376, 'SymbolName': 'EXCEL', 'ExchangeInstrumentName': 'EXCEL', 'ProductType': 'CNC', 'OrderType': 'MARKET', 'OrderSide': 'Buy', 'TimeInForce': 'GFD', 'DisclosedQuantity': 0, 'OrderQuantity': 1, 'LimitPrice': 0.0, 'StopPrice': 0.0, 'BlitzAppOrderID': 3156621270, 'AlgoID': '123456789', 'AlgoCategory': '123654789123', 'IsFictiveOrder': 'False'}
[2026-02-10 12:24:01,969] INFO      [HARSHIT] CACHE_TEMP | blitz_id=3156621270
[2026-02-10 12:24:01,969] INFO      [HARSHIT] ZERODHA_REST_OUT | payload={'tradingsymbol': 'EXCEL', 'exchange': 'NSE', 'transaction_type': 'BUY', 'order_type': 'MARKET', 'quantity': 1, 'product': 'CNC', 'price': 0.0, 'trigger_price': 0.0, 'validity': 'DAY', 'disclosed_quantity': 0}
[2026-02-10 12:24:02,106] INFO      [HARSHIT] ZERODHA_REST_IN | payload={'status': 'success', 'data': {'order_id': '260210151032657'}}
[2026-02-10 12:24:02,106] INFO      [HARSHIT] ORDER_PLACED | blitz=3156621270 zerodha=260210151032657
